  player.cpp
c:\users\pocke\onedrive\桌面\shikaku\shikaku\player.cpp(31): warning C4005: 'VALUE_MOVE': 巨集重複定義
  c:\users\pocke\onedrive\桌面\shikaku\shikaku\edittool.h(18): note: 請參閱 'VALUE_MOVE' 之前的定義
c:\users\pocke\onedrive\桌面\shikaku\shikaku\player.cpp(197): warning C4244: '引數': 將 'double' 轉換為 'FLOAT'，由於類型不同，可能導致資料遺失
c:\users\pocke\onedrive\桌面\shikaku\shikaku\player.cpp(621): warning C4804: '+=': 作業中不安全的使用類型 'bool'
c:\users\pocke\onedrive\桌面\shikaku\shikaku\player.cpp(622): warning C4804: '+=': 作業中不安全的使用類型 'bool'
c:\users\pocke\onedrive\桌面\shikaku\shikaku\player.cpp(623): warning C4804: '+=': 作業中不安全的使用類型 'bool'
c:\users\pocke\onedrive\桌面\shikaku\shikaku\player.cpp(624): warning C4804: '+=': 作業中不安全的使用類型 'bool'
c:\users\pocke\onedrive\桌面\shikaku\shikaku\player.cpp(625): warning C4804: '+=': 作業中不安全的使用類型 'bool'
c:\users\pocke\onedrive\桌面\shikaku\shikaku\player.cpp(626): warning C4804: '+=': 作業中不安全的使用類型 'bool'
c:\users\pocke\onedrive\桌面\shikaku\shikaku\player.cpp(627): warning C4804: '+=': 作業中不安全的使用類型 'bool'
c:\users\pocke\onedrive\桌面\shikaku\shikaku\player.cpp(628): warning C4804: '+=': 作業中不安全的使用類型 'bool'
c:\users\pocke\onedrive\桌面\shikaku\shikaku\player.cpp(696): warning C4244: '引數': 將 'double' 轉換為 'FLOAT'，由於類型不同，可能導致資料遺失
c:\users\pocke\onedrive\桌面\shikaku\shikaku\player.cpp(806): warning C4804: '+=': 作業中不安全的使用類型 'bool'
c:\users\pocke\onedrive\桌面\shikaku\shikaku\player.cpp(807): warning C4804: '+=': 作業中不安全的使用類型 'bool'
c:\users\pocke\onedrive\桌面\shikaku\shikaku\player.cpp(808): warning C4804: '+=': 作業中不安全的使用類型 'bool'
c:\users\pocke\onedrive\桌面\shikaku\shikaku\player.cpp(809): warning C4804: '+=': 作業中不安全的使用類型 'bool'
c:\users\pocke\onedrive\桌面\shikaku\shikaku\player.cpp(810): warning C4804: '+=': 作業中不安全的使用類型 'bool'
c:\users\pocke\onedrive\桌面\shikaku\shikaku\player.cpp(811): warning C4804: '+=': 作業中不安全的使用類型 'bool'
c:\users\pocke\onedrive\桌面\shikaku\shikaku\player.cpp(812): warning C4804: '+=': 作業中不安全的使用類型 'bool'
c:\users\pocke\onedrive\桌面\shikaku\shikaku\player.cpp(813): warning C4804: '+=': 作業中不安全的使用類型 'bool'
c:\users\pocke\onedrive\桌面\shikaku\shikaku\player.cpp(823): warning C4244: '引數': 將 'int' 轉換為 'FLOAT'，由於類型不同，可能導致資料遺失
c:\users\pocke\onedrive\桌面\shikaku\shikaku\player.cpp(824): warning C4244: '引數': 將 'int' 轉換為 'FLOAT'，由於類型不同，可能導致資料遺失
c:\users\pocke\onedrive\桌面\shikaku\shikaku\player.cpp(852): warning C4244: '引數': 將 'int' 轉換為 'FLOAT'，由於類型不同，可能導致資料遺失
c:\users\pocke\onedrive\桌面\shikaku\shikaku\player.cpp(855): warning C4244: '引數': 將 'int' 轉換為 'FLOAT'，由於類型不同，可能導致資料遺失
c:\users\pocke\onedrive\桌面\shikaku\shikaku\player.cpp(885): warning C4244: '引數': 將 'double' 轉換為 'FLOAT'，由於類型不同，可能導致資料遺失
c:\users\pocke\onedrive\桌面\shikaku\shikaku\player.cpp(931): warning C4244: '引數': 將 'double' 轉換為 'FLOAT'，由於類型不同，可能導致資料遺失
c:\users\pocke\onedrive\桌面\shikaku\shikaku\player.cpp(944): warning C4244: '正在初始化': 將 'FLOAT' 轉換為 'int'，由於類型不同，可能導致資料遺失
c:\users\pocke\onedrive\桌面\shikaku\shikaku\player.cpp(949): warning C4244: '=': 將 'float' 轉換為 'int'，由於類型不同，可能導致資料遺失
c:\users\pocke\onedrive\桌面\shikaku\shikaku\player.cpp(1182): warning C4244: '正在初始化': 將 'float' 轉換為 'int'，由於類型不同，可能導致資料遺失
c:\users\pocke\onedrive\桌面\shikaku\shikaku\player.cpp(1304): warning C4244: '=': 將 'float' 轉換為 'int'，由於類型不同，可能導致資料遺失
c:\users\pocke\onedrive\桌面\shikaku\shikaku\player.cpp(1327): warning C4244: '引數': 將 'double' 轉換為 'FLOAT'，由於類型不同，可能導致資料遺失
c:\users\pocke\onedrive\桌面\shikaku\shikaku\player.cpp(1336): warning C4244: '=': 將 'double' 轉換為 'float'，由於類型不同，可能導致資料遺失
  20201006_3DPolygon.vcxproj -> C:\Users\pocke\OneDrive\桌面\SHIKAKU\Shikaku\Debug\20201006_3DPolygon.exe
